# JRE version: Java(TM) SE Runtime Environment (8.0_181-b13) (build 1.8.0_181-b13)
# Java VM: Java HotSpot(TM) 64-Bit Server VM (25.181-b13 mixed mode windows-amd64 compressed oops)
Heap:
 PSYoungGen      total 258560K, used 87681K [0x00000000eb200000, 0x00000000fc280000, 0x0000000100000000)
  eden space 244736K, 31% used [0x00000000eb200000,0x00000000efd04d68,0x00000000fa100000)
  from space 13824K, 78% used [0x00000000faf80000,0x00000000fba1b6c8,0x00000000fbd00000)
  to   space 14848K, 0% used [0x00000000fa100000,0x00000000fa100000,0x00000000faf80000)
 ParOldGen       total 57344K, used 21027K [0x00000000c1600000, 0x00000000c4e00000, 0x00000000eb200000)
  object space 57344K, 36% used [0x00000000c1600000,0x00000000c2a88c80,0x00000000c4e00000)
 Metaspace       used 43004K, capacity 43520K, committed 43992K, reserved 1087488K
  class space    used 5655K, capacity 5793K, committed 5888K, reserved 1048576K
GC Heap History (10 events):
Event: 5.373 GC heap before
{Heap before GC invocations=10 (full 1):
 PSYoungGen      total 137728K, used 130048K [0x00000000eb200000, 0x00000000f4000000, 0x0000000100000000)
  eden space 130048K, 100% used [0x00000000eb200000,0x00000000f3100000,0x00000000f3100000)
  from space 7680K, 0% used [0x00000000f3880000,0x00000000f3880000,0x00000000f4000000)
  to   space 7680K, 0% used [0x00000000f3100000,0x00000000f3100000,0x00000000f3880000)
 ParOldGen       total 34304K, used 8366K [0x00000000c1600000, 0x00000000c3780000, 0x00000000eb200000)
  object space 34304K, 24% used [0x00000000c1600000,0x00000000c1e2bac8,0x00000000c3780000)
 Metaspace       used 25282K, capacity 25678K, committed 25984K, reserved 1071104K
  class space    used 3248K, capacity 3344K, committed 3456K, reserved 1048576K
Event: 5.387 GC heap after
Heap after GC invocations=10 (full 1):
 PSYoungGen      total 137728K, used 7669K [0x00000000eb200000, 0x00000000f7580000, 0x0000000100000000)
  eden space 130048K, 0% used [0x00000000eb200000,0x00000000eb200000,0x00000000f3100000)
  from space 7680K, 99% used [0x00000000f3100000,0x00000000f387d5a8,0x00000000f3880000)
  to   space 9728K, 0% used [0x00000000f6c00000,0x00000000f6c00000,0x00000000f7580000)
 ParOldGen       total 34304K, used 11475K [0x00000000c1600000, 0x00000000c3780000, 0x00000000eb200000)
  object space 34304K, 33% used [0x00000000c1600000,0x00000000c2134eb8,0x00000000c3780000)
 Metaspace       used 25282K, capacity 25678K, committed 25984K, reserved 1071104K
  class space    used 3248K, capacity 3344K, committed 3456K, reserved 1048576K
}
Event: 23.137 GC heap before
{Heap before GC invocations=11 (full 1):
 PSYoungGen      total 137728K, used 137717K [0x00000000eb200000, 0x00000000f7580000, 0x0000000100000000)
  eden space 130048K, 100% used [0x00000000eb200000,0x00000000f3100000,0x00000000f3100000)
  from space 7680K, 99% used [0x00000000f3100000,0x00000000f387d5a8,0x00000000f3880000)
  to   space 9728K, 0% used [0x00000000f6c00000,0x00000000f6c00000,0x00000000f7580000)
 ParOldGen       total 34304K, used 11475K [0x00000000c1600000, 0x00000000c3780000, 0x00000000eb200000)
  object space 34304K, 33% used [0x00000000c1600000,0x00000000c2134eb8,0x00000000c3780000)
 Metaspace       used 32650K, capacity 33042K, committed 33408K, reserved 1079296K
  class space    used 4280K, capacity 4406K, committed 4480K, reserved 1048576K
Event: 23.167 GC heap after
Heap after GC invocations=11 (full 1):
 PSYoungGen      total 185344K, used 9703K [0x00000000eb200000, 0x00000000f7880000, 0x0000000100000000)
  eden space 175616K, 0% used [0x00000000eb200000,0x00000000eb200000,0x00000000f5d80000)
  from space 9728K, 99% used [0x00000000f6c00000,0x00000000f7579d18,0x00000000f7580000)
  to   space 13824K, 0% used [0x00000000f5d80000,0x00000000f5d80000,0x00000000f6b00000)
 ParOldGen       total 34304K, used 19112K [0x00000000c1600000, 0x00000000c3780000, 0x00000000eb200000)
  object space 34304K, 55% used [0x00000000c1600000,0x00000000c28aa0d8,0x00000000c3780000)
 Metaspace       used 32650K, capacity 33042K, committed 33408K, reserved 1079296K
  class space    used 4280K, capacity 4406K, committed 4480K, reserved 1048576K
}
Event: 23.529 GC heap before
{Heap before GC invocations=12 (full 1):
 PSYoungGen      total 185344K, used 34563K [0x00000000eb200000, 0x00000000f7880000, 0x0000000100000000)
  eden space 175616K, 14% used [0x00000000eb200000,0x00000000eca47298,0x00000000f5d80000)
  from space 9728K, 99% used [0x00000000f6c00000,0x00000000f7579d18,0x00000000f7580000)
  to   space 13824K, 0% used [0x00000000f5d80000,0x00000000f5d80000,0x00000000f6b00000)
 ParOldGen       total 34304K, used 19112K [0x00000000c1600000, 0x00000000c3780000, 0x00000000eb200000)
  object space 34304K, 55% used [0x00000000c1600000,0x00000000c28aa0d8,0x00000000c3780000)
 Metaspace       used 34918K, capacity 35282K, committed 35416K, reserved 1079296K
  class space    used 4598K, capacity 4726K, committed 4736K, reserved 1048576K
Event: 23.546 GC heap after
Heap after GC invocations=12 (full 1):
 PSYoungGen      total 189440K, used 2587K [0x00000000eb200000, 0x00000000fbd00000, 0x0000000100000000)
  eden space 175616K, 0% used [0x00000000eb200000,0x00000000eb200000,0x00000000f5d80000)
  from space 13824K, 18% used [0x00000000f5d80000,0x00000000f6006d18,0x00000000f6b00000)
  to   space 13824K, 0% used [0x00000000faf80000,0x00000000faf80000,0x00000000fbd00000)
 ParOldGen       total 34304K, used 28698K [0x00000000c1600000, 0x00000000c3780000, 0x00000000eb200000)
  object space 34304K, 83% used [0x00000000c1600000,0x00000000c32068d0,0x00000000c3780000)
 Metaspace       used 34918K, capacity 35282K, committed 35416K, reserved 1079296K
  class space    used 4598K, capacity 4726K, committed 4736K, reserved 1048576K
}
Event: 23.546 GC heap before
{Heap before GC invocations=13 (full 2):
 PSYoungGen      total 189440K, used 2587K [0x00000000eb200000, 0x00000000fbd00000, 0x0000000100000000)
  eden space 175616K, 0% used [0x00000000eb200000,0x00000000eb200000,0x00000000f5d80000)
  from space 13824K, 18% used [0x00000000f5d80000,0x00000000f6006d18,0x00000000f6b00000)
  to   space 13824K, 0% used [0x00000000faf80000,0x00000000faf80000,0x00000000fbd00000)
 ParOldGen       total 34304K, used 28698K [0x00000000c1600000, 0x00000000c3780000, 0x00000000eb200000)
  object space 34304K, 83% used [0x00000000c1600000,0x00000000c32068d0,0x00000000c3780000)
 Metaspace       used 34918K, capacity 35282K, committed 35416K, reserved 1079296K
  class space    used 4598K, capacity 4726K, committed 4736K, reserved 1048576K
Event: 23.618 GC heap after
Heap after GC invocations=13 (full 2):
 PSYoungGen      total 189440K, used 0K [0x00000000eb200000, 0x00000000fbd00000, 0x0000000100000000)
  eden space 175616K, 0% used [0x00000000eb200000,0x00000000eb200000,0x00000000f5d80000)
  from space 13824K, 0% used [0x00000000f5d80000,0x00000000f5d80000,0x00000000f6b00000)
  to   space 13824K, 0% used [0x00000000faf80000,0x00000000faf80000,0x00000000fbd00000)
 ParOldGen       total 57344K, used 21019K [0x00000000c1600000, 0x00000000c4e00000, 0x00000000eb200000)
  object space 57344K, 36% used [0x00000000c1600000,0x00000000c2a86c80,0x00000000c4e00000)
 Metaspace       used 34918K, capacity 35282K, committed 35416K, reserved 1079296K
  class space    used 4598K, capacity 4726K, committed 4736K, reserved 1048576K
}
Event: 48.991 GC heap before
{Heap before GC invocations=14 (full 2):
 PSYoungGen      total 189440K, used 175616K [0x00000000eb200000, 0x00000000fbd00000, 0x0000000100000000)
  eden space 175616K, 100% used [0x00000000eb200000,0x00000000f5d80000,0x00000000f5d80000)
  from space 13824K, 0% used [0x00000000f5d80000,0x00000000f5d80000,0x00000000f6b00000)
  to   space 13824K, 0% used [0x00000000faf80000,0x00000000faf80000,0x00000000fbd00000)
 ParOldGen       total 57344K, used 21019K [0x00000000c1600000, 0x00000000c4e00000, 0x00000000eb200000)
  object space 57344K, 36% used [0x00000000c1600000,0x00000000c2a86c80,0x00000000c4e00000)
 Metaspace       used 40028K, capacity 40420K, committed 40792K, reserved 1085440K
  class space    used 5295K, capacity 5407K, committed 5504K, reserved 1048576K
Event: 49.021 GC heap after
Heap after GC invocations=14 (full 2):
 PSYoungGen      total 258560K, used 10861K [0x00000000eb200000, 0x00000000fc280000, 0x0000000100000000)
  eden space 244736K, 0% used [0x00000000eb200000,0x00000000eb200000,0x00000000fa100000)
  from space 13824K, 78% used [0x00000000faf80000,0x00000000fba1b6c8,0x00000000fbd00000)
  to   space 14848K, 0% used [0x00000000fa100000,0x00000000fa100000,0x00000000faf80000)
 ParOldGen       total 57344K, used 21027K [0x00000000c1600000, 0x00000000c4e00000, 0x00000000eb200000)
  object space 57344K, 36% used [0x00000000c1600000,0x00000000c2a88c80,0x00000000c4e00000)
 Metaspace       used 40028K, capacity 40420K, committed 40792K, reserved 1085440K
  class space    used 5295K, capacity 5407K, committed 5504K, reserved 1048576K
}

